------------------------------------------------------------------------------------------------------------------------

[2020-10-11 13:30:31 #1 store] 
Database 'C:\Users\Joseba\Desktop\SI2_workspace\upv.if.bets\src\main\resources\bets.temp' has been recovered (tr. 10861-10861)

[2020-10-11 13:30:31 #2 store] 
Database 'C:\Users\Joseba\Desktop\SI2_workspace\upv.if.bets\src\main\resources\bets.temp' is opened by 11324@DESKTOP-6LUC2SR

[2020-10-11 13:30:31 #3 type] 
Type domain.Question is not enhanced.

[2020-10-11 13:30:31 #4 type] 
Type domain.Event is not enhanced.

[2020-10-11 13:30:31 #5 type] 
Type domain.User is not enhanced.

[2020-10-11 13:30:31 #6 type] 
Type domain.Kuota is not enhanced.

[2020-10-11 13:30:31 #7 type] 
Type domain.Admins is not enhanced.

[2020-10-11 13:30:31 #8 type] 
Type domain.Bet is not enhanced.

[2020-10-11 13:30:31 #9 type] 
Type domain.Mugimenduak is not enhanced.

------------------------------------------------------------------------------------------------------------------------

[2020-10-11 13:31:14 #1 store] 
Database 'C:\Users\Joseba\Desktop\SI2_workspace\upv.if.bets\src\main\resources\bets.temp' has been recovered (tr. 10862-10862)

[2020-10-11 13:31:14 #2 store] 
Database 'C:\Users\Joseba\Desktop\SI2_workspace\upv.if.bets\src\main\resources\bets.temp' is opened by 14220@DESKTOP-6LUC2SR

[2020-10-11 13:31:15 #3 type] 
Type domain.Question is not enhanced.

[2020-10-11 13:31:15 #4 type] 
Type domain.Event is not enhanced.

[2020-10-11 13:31:15 #5 type] 
Type domain.User is not enhanced.

[2020-10-11 13:31:15 #6 type] 
Type domain.Kuota is not enhanced.

[2020-10-11 13:31:15 #7 type] 
Type domain.Admins is not enhanced.

[2020-10-11 13:31:15 #8 type] 
Type domain.Bet is not enhanced.

[2020-10-11 13:31:15 #9 type] 
Type domain.Mugimenduak is not enhanced.

------------------------------------------------------------------------------------------------------------------------

[2020-10-11 13:31:46 #1 store] 
Database 'C:\Users\Joseba\Desktop\SI2_workspace\upv.if.bets\src\main\resources\bets.temp' has been recovered (tr. 10865-10865)

[2020-10-11 13:31:46 #2 store] 
Database 'C:\Users\Joseba\Desktop\SI2_workspace\upv.if.bets\src\main\resources\bets.temp' is opened by 12748@DESKTOP-6LUC2SR

[2020-10-11 13:31:47 #3 type] 
Type domain.Question is not enhanced.

[2020-10-11 13:31:47 #4 type] 
Type domain.Event is not enhanced.

[2020-10-11 13:31:47 #5 type] 
Type domain.User is not enhanced.

[2020-10-11 13:31:47 #6 type] 
Type domain.Kuota is not enhanced.

[2020-10-11 13:31:47 #7 type] 
Type domain.Admins is not enhanced.

[2020-10-11 13:31:47 #8 type] 
Type domain.Bet is not enhanced.

[2020-10-11 13:31:47 #9 type] 
Type domain.Mugimenduak is not enhanced.

------------------------------------------------------------------------------------------------------------------------

[2020-10-11 13:31:51 #1 store] 
Database 'C:\Users\Joseba\Desktop\SI2_workspace\upv.if.bets\src\main\resources\bets.temp' has been recovered (tr. 10866-10868)

[2020-10-11 13:31:51 #2 store] 
Database 'C:\Users\Joseba\Desktop\SI2_workspace\upv.if.bets\src\main\resources\bets.temp' is opened by 13148@DESKTOP-6LUC2SR

[2020-10-11 13:31:51 #3 type] 
Type domain.Question is not enhanced.

[2020-10-11 13:31:51 #4 type] 
Type domain.Event is not enhanced.

[2020-10-11 13:31:51 #5 type] 
Type domain.User is not enhanced.

[2020-10-11 13:31:51 #6 type] 
Type domain.Kuota is not enhanced.

[2020-10-11 13:31:51 #7 type] 
Type domain.Admins is not enhanced.

[2020-10-11 13:31:51 #8 type] 
Type domain.Bet is not enhanced.

[2020-10-11 13:31:51 #9 type] 
Type domain.Mugimenduak is not enhanced.

------------------------------------------------------------------------------------------------------------------------

[2020-10-11 13:31:55 #1 store] 
Database 'C:\Users\Joseba\Desktop\SI2_workspace\upv.if.bets\src\main\resources\bets.temp' has been recovered (tr. 10869-10871)

[2020-10-11 13:31:55 #2 store] 
Database 'C:\Users\Joseba\Desktop\SI2_workspace\upv.if.bets\src\main\resources\bets.temp' is opened by 13512@DESKTOP-6LUC2SR

[2020-10-11 13:31:55 #3 type] 
Type domain.Question is not enhanced.

[2020-10-11 13:31:55 #4 type] 
Type domain.Event is not enhanced.

[2020-10-11 13:31:55 #5 type] 
Type domain.User is not enhanced.

[2020-10-11 13:31:55 #6 type] 
Type domain.Kuota is not enhanced.

[2020-10-11 13:31:55 #7 type] 
Type domain.Admins is not enhanced.

[2020-10-11 13:31:55 #8 type] 
Type domain.Bet is not enhanced.

[2020-10-11 13:31:55 #9 type] 
Type domain.Mugimenduak is not enhanced.

