------------------------------------------------------------------------------------------------------------------------

[2020-10-15 16:53:09 #1 store] 
Database 'C:\Users\Joseba\Desktop\SI2_workspace\upv.if.bets\src\main\resources\bets.temp' is opened by 3428@DESKTOP-6LUC2SR

[2020-10-15 16:53:09 #2 type] 
Type domain.Question is not enhanced.

[2020-10-15 16:53:09 #3 type] 
Type domain.Event is not enhanced.

[2020-10-15 16:53:09 #4 type] 
Type domain.User is not enhanced.

[2020-10-15 16:53:09 #5 type] 
Type domain.Kuota is not enhanced.

[2020-10-15 16:53:09 #6 type] 
Type domain.Admins is not enhanced.

[2020-10-15 16:53:09 #7 type] 
Type domain.Bet is not enhanced.

[2020-10-15 16:53:09 #8 type] 
Type domain.Mugimenduak is not enhanced.

------------------------------------------------------------------------------------------------------------------------

[2020-10-15 16:56:43 #1 store] 
Database 'C:\Users\Joseba\Desktop\SI2_workspace\upv.if.bets\src\main\resources\bets.temp' has been recovered (tr. 10875-10877)

[2020-10-15 16:56:43 #2 store] 
Database 'C:\Users\Joseba\Desktop\SI2_workspace\upv.if.bets\src\main\resources\bets.temp' is opened by 7256@DESKTOP-6LUC2SR

[2020-10-15 16:56:43 #3 type] 
Type domain.Question is not enhanced.

[2020-10-15 16:56:43 #4 type] 
Type domain.Event is not enhanced.

[2020-10-15 16:56:43 #5 type] 
Type domain.User is not enhanced.

[2020-10-15 16:56:43 #6 type] 
Type domain.Kuota is not enhanced.

[2020-10-15 16:56:43 #7 type] 
Type domain.Admins is not enhanced.

[2020-10-15 16:56:43 #8 type] 
Type domain.Bet is not enhanced.

[2020-10-15 16:56:43 #9 type] 
Type domain.Mugimenduak is not enhanced.

------------------------------------------------------------------------------------------------------------------------

[2020-10-15 17:00:50 #1 store] 
Database 'C:\Users\Joseba\Desktop\SI2_workspace\upv.if.bets\src\main\resources\bets.temp' has been recovered (tr. 10878-10880)

[2020-10-15 17:00:50 #2 store] 
Database 'C:\Users\Joseba\Desktop\SI2_workspace\upv.if.bets\src\main\resources\bets.temp' is opened by 5076@DESKTOP-6LUC2SR

[2020-10-15 17:00:50 #3 type] 
Type domain.Question is not enhanced.

[2020-10-15 17:00:50 #4 type] 
Type domain.Event is not enhanced.

[2020-10-15 17:00:50 #5 type] 
Type domain.User is not enhanced.

[2020-10-15 17:00:50 #6 type] 
Type domain.Kuota is not enhanced.

[2020-10-15 17:00:50 #7 type] 
Type domain.Admins is not enhanced.

[2020-10-15 17:00:50 #8 type] 
Type domain.Bet is not enhanced.

[2020-10-15 17:00:50 #9 type] 
Type domain.Mugimenduak is not enhanced.

------------------------------------------------------------------------------------------------------------------------

[2020-10-15 17:40:03 #1 store] 
Database 'C:\Users\Joseba\Desktop\SI2_workspace\upv.if.bets\src\main\resources\bets.temp' has been recovered (tr. 10881-10883)

[2020-10-15 17:40:03 #2 store] 
Database 'C:\Users\Joseba\Desktop\SI2_workspace\upv.if.bets\src\main\resources\bets.temp' is opened by 3232@DESKTOP-6LUC2SR

[2020-10-15 17:40:03 #3 type] 
Type domain.Question is not enhanced.

[2020-10-15 17:40:03 #4 type] 
Type domain.Event is not enhanced.

[2020-10-15 17:40:03 #5 type] 
Type domain.User is not enhanced.

[2020-10-15 17:40:03 #6 type] 
Type domain.Kuota is not enhanced.

[2020-10-15 17:40:03 #7 type] 
Type domain.Admins is not enhanced.

[2020-10-15 17:40:03 #8 type] 
Type domain.Bet is not enhanced.

[2020-10-15 17:40:03 #9 type] 
Type domain.Mugimenduak is not enhanced.

------------------------------------------------------------------------------------------------------------------------

[2020-10-15 17:49:45 #1 store] 
Database 'C:\Users\Joseba\Desktop\SI2_workspace\upv.if.bets\src\main\resources\bets.temp' has been recovered (tr. 10884-10886)

[2020-10-15 17:49:45 #2 store] 
Database 'C:\Users\Joseba\Desktop\SI2_workspace\upv.if.bets\src\main\resources\bets.temp' is opened by 9932@DESKTOP-6LUC2SR

[2020-10-15 17:49:45 #3 type] 
Type domain.Question is not enhanced.

[2020-10-15 17:49:45 #4 type] 
Type domain.Event is not enhanced.

[2020-10-15 17:49:45 #5 type] 
Type domain.User is not enhanced.

[2020-10-15 17:49:45 #6 type] 
Type domain.Kuota is not enhanced.

[2020-10-15 17:49:45 #7 type] 
Type domain.Admins is not enhanced.

[2020-10-15 17:49:45 #8 type] 
Type domain.Bet is not enhanced.

[2020-10-15 17:49:45 #9 type] 
Type domain.Mugimenduak is not enhanced.

------------------------------------------------------------------------------------------------------------------------

[2020-10-15 17:50:14 #1 store] 
Database 'C:\Users\Joseba\Desktop\SI2_workspace\upv.if.bets\src\main\resources\bets.temp' has been recovered (tr. 10887-10889)

[2020-10-15 17:50:14 #2 store] 
Database 'C:\Users\Joseba\Desktop\SI2_workspace\upv.if.bets\src\main\resources\bets.temp' is opened by 14548@DESKTOP-6LUC2SR

[2020-10-15 17:50:15 #3 type] 
Type domain.Question is not enhanced.

[2020-10-15 17:50:15 #4 type] 
Type domain.Event is not enhanced.

[2020-10-15 17:50:15 #5 type] 
Type domain.User is not enhanced.

[2020-10-15 17:50:15 #6 type] 
Type domain.Kuota is not enhanced.

[2020-10-15 17:50:15 #7 type] 
Type domain.Admins is not enhanced.

[2020-10-15 17:50:15 #8 type] 
Type domain.Bet is not enhanced.

[2020-10-15 17:50:15 #9 type] 
Type domain.Mugimenduak is not enhanced.

------------------------------------------------------------------------------------------------------------------------

[2020-10-15 17:50:43 #1 store] 
Database 'C:\Users\Joseba\Desktop\SI2_workspace\upv.if.bets\src\main\resources\bets.temp' has been recovered (tr. 10890-10892)

[2020-10-15 17:50:43 #2 store] 
Database 'C:\Users\Joseba\Desktop\SI2_workspace\upv.if.bets\src\main\resources\bets.temp' is opened by 11516@DESKTOP-6LUC2SR

[2020-10-15 17:50:43 #3 type] 
Type domain.Question is not enhanced.

[2020-10-15 17:50:43 #4 type] 
Type domain.Event is not enhanced.

[2020-10-15 17:50:43 #5 type] 
Type domain.User is not enhanced.

[2020-10-15 17:50:43 #6 type] 
Type domain.Kuota is not enhanced.

[2020-10-15 17:50:43 #7 type] 
Type domain.Admins is not enhanced.

[2020-10-15 17:50:43 #8 type] 
Type domain.Bet is not enhanced.

[2020-10-15 17:50:43 #9 type] 
Type domain.Mugimenduak is not enhanced.

------------------------------------------------------------------------------------------------------------------------

[2020-10-15 17:51:51 #1 store] 
Database 'C:\Users\Joseba\Desktop\SI2_workspace\upv.if.bets\src\main\resources\bets.temp' has been recovered (tr. 10893-10895)

[2020-10-15 17:51:51 #2 store] 
Database 'C:\Users\Joseba\Desktop\SI2_workspace\upv.if.bets\src\main\resources\bets.temp' is opened by 2000@DESKTOP-6LUC2SR

[2020-10-15 17:51:51 #3 type] 
Type domain.Question is not enhanced.

[2020-10-15 17:51:51 #4 type] 
Type domain.Event is not enhanced.

[2020-10-15 17:51:51 #5 type] 
Type domain.User is not enhanced.

[2020-10-15 17:51:51 #6 type] 
Type domain.Kuota is not enhanced.

[2020-10-15 17:51:51 #7 type] 
Type domain.Admins is not enhanced.

[2020-10-15 17:51:51 #8 type] 
Type domain.Bet is not enhanced.

[2020-10-15 17:51:51 #9 type] 
Type domain.Mugimenduak is not enhanced.

------------------------------------------------------------------------------------------------------------------------

[2020-10-15 17:58:48 #1 store] 
Database 'C:\Users\Joseba\Desktop\SI2_workspace\upv.if.bets\src\main\resources\bets.temp' has been recovered (tr. 10896-10898)

[2020-10-15 17:58:48 #2 store] 
Database 'C:\Users\Joseba\Desktop\SI2_workspace\upv.if.bets\src\main\resources\bets.temp' is opened by 8448@DESKTOP-6LUC2SR

[2020-10-15 17:58:48 #3 type] 
Type domain.Question is not enhanced.

[2020-10-15 17:58:48 #4 type] 
Type domain.Event is not enhanced.

[2020-10-15 17:58:48 #5 type] 
Type domain.User is not enhanced.

[2020-10-15 17:58:48 #6 type] 
Type domain.Kuota is not enhanced.

[2020-10-15 17:58:48 #7 type] 
Type domain.Admins is not enhanced.

[2020-10-15 17:58:48 #8 type] 
Type domain.Bet is not enhanced.

[2020-10-15 17:58:48 #9 type] 
Type domain.Mugimenduak is not enhanced.

------------------------------------------------------------------------------------------------------------------------

[2020-10-15 17:58:59 #1 store] 
Database 'C:\Users\Joseba\Desktop\SI2_workspace\upv.if.bets\src\main\resources\bets.temp' has been recovered (tr. 10899-10901)

[2020-10-15 17:58:59 #2 store] 
Database 'C:\Users\Joseba\Desktop\SI2_workspace\upv.if.bets\src\main\resources\bets.temp' is opened by 10176@DESKTOP-6LUC2SR

[2020-10-15 17:58:59 #3 type] 
Type domain.Question is not enhanced.

[2020-10-15 17:58:59 #4 type] 
Type domain.Event is not enhanced.

[2020-10-15 17:58:59 #5 type] 
Type domain.User is not enhanced.

[2020-10-15 17:58:59 #6 type] 
Type domain.Kuota is not enhanced.

[2020-10-15 17:58:59 #7 type] 
Type domain.Admins is not enhanced.

[2020-10-15 17:58:59 #8 type] 
Type domain.Bet is not enhanced.

[2020-10-15 17:58:59 #9 type] 
Type domain.Mugimenduak is not enhanced.

------------------------------------------------------------------------------------------------------------------------

[2020-10-15 18:00:18 #1 store] 
Database 'C:\Users\Joseba\Desktop\SI2_workspace\upv.if.bets\src\main\resources\bets.temp' has been recovered (tr. 10902-10904)

[2020-10-15 18:00:18 #2 store] 
Database 'C:\Users\Joseba\Desktop\SI2_workspace\upv.if.bets\src\main\resources\bets.temp' is opened by 9736@DESKTOP-6LUC2SR

[2020-10-15 18:00:18 #3 type] 
Type domain.Question is not enhanced.

[2020-10-15 18:00:18 #4 type] 
Type domain.Event is not enhanced.

[2020-10-15 18:00:18 #5 type] 
Type domain.User is not enhanced.

[2020-10-15 18:00:18 #6 type] 
Type domain.Kuota is not enhanced.

[2020-10-15 18:00:18 #7 type] 
Type domain.Admins is not enhanced.

[2020-10-15 18:00:18 #8 type] 
Type domain.Bet is not enhanced.

[2020-10-15 18:00:18 #9 type] 
Type domain.Mugimenduak is not enhanced.

------------------------------------------------------------------------------------------------------------------------

[2020-10-15 18:12:44 #1 store] 
Database 'C:\Users\Joseba\Desktop\SI2_workspace\upv.if.bets\src\main\resources\bets.temp' has been recovered (tr. 10905-10907)

[2020-10-15 18:12:44 #2 store] 
Database 'C:\Users\Joseba\Desktop\SI2_workspace\upv.if.bets\src\main\resources\bets.temp' is opened by 15180@DESKTOP-6LUC2SR

[2020-10-15 18:12:44 #3 type] 
Type domain.Question is not enhanced.

[2020-10-15 18:12:44 #4 type] 
Type domain.Event is not enhanced.

[2020-10-15 18:12:44 #5 type] 
Type domain.User is not enhanced.

[2020-10-15 18:12:44 #6 type] 
Type domain.Kuota is not enhanced.

[2020-10-15 18:12:44 #7 type] 
Type domain.Admins is not enhanced.

[2020-10-15 18:12:44 #8 type] 
Type domain.Bet is not enhanced.

[2020-10-15 18:12:44 #9 type] 
Type domain.Mugimenduak is not enhanced.

------------------------------------------------------------------------------------------------------------------------

[2020-10-15 18:13:31 #1 store] 
Database 'C:\Users\Joseba\Desktop\SI2_workspace\upv.if.bets\src\main\resources\bets.temp' has been recovered (tr. 10908-10910)

[2020-10-15 18:13:31 #2 store] 
Database 'C:\Users\Joseba\Desktop\SI2_workspace\upv.if.bets\src\main\resources\bets.temp' is opened by 12948@DESKTOP-6LUC2SR

[2020-10-15 18:13:31 #3 type] 
Type domain.Question is not enhanced.

[2020-10-15 18:13:31 #4 type] 
Type domain.Event is not enhanced.

[2020-10-15 18:13:31 #5 type] 
Type domain.User is not enhanced.

[2020-10-15 18:13:31 #6 type] 
Type domain.Kuota is not enhanced.

[2020-10-15 18:13:31 #7 type] 
Type domain.Admins is not enhanced.

[2020-10-15 18:13:31 #8 type] 
Type domain.Bet is not enhanced.

[2020-10-15 18:13:31 #9 type] 
Type domain.Mugimenduak is not enhanced.

